<?xml version="1.0" encoding="UTF-8"?>
<!-- Generated by org.testng.reporters.JUnitReportReporter -->
<testsuite hostname="DESKTOP-PTDMAQQ" failures="0" tests="6" name="com.salesForce.tests.AutomationScripts" time="40.212" errors="0" timestamp="2022-10-09T01:12:10 EDT" skipped="0">
  <testcase classname="com.salesForce.tests.AutomationScripts" name="SFTC03_rememberUsername" time="5.491"/>
  <system-out/>
  <testcase classname="com.salesForce.tests.AutomationScripts" name="SFTC05_userMenu" time="5.303"/>
  <system-out/>
  <testcase classname="com.salesForce.tests.AutomationScripts" name="SFTC02_login" time="20.080"/>
  <system-out/>
  <testcase classname="com.salesForce.tests.AutomationScripts" name="SFTC04B_loginErrorMessage" time="3.103"/>
  <system-out/>
  <testcase classname="com.salesForce.tests.AutomationScripts" name="SFTC01_emptyPassword" time="2.341"/>
  <system-out/>
  <testcase classname="com.salesForce.tests.AutomationScripts" name="SFTC04A_forgotPassword" time="3.894"/>
  <system-out/>
</testsuite> <!-- com.salesForce.tests.AutomationScripts -->
